<?xml version="1.0" encoding="UTF-8"?>
<testsuite xmlns:xsi="http://www.w3.org/2001/XMLSchema-instance" xsi:noNamespaceSchemaLocation="https://maven.apache.org/surefire/maven-surefire-plugin/xsd/surefire-test-report.xsd" name="fit.AppTest" time="0.181" tests="4" errors="1" skipped="0" failures="0">
  <properties>
[...]
</properties>
  <testcase name="shouldCalculateMagreza" classname="fit.AppTest" time="0.005"/>
  <testcase name="shouldCalculateSobrepeso" classname="fit.AppTest" time="0"/>
  <testcase name="shouldCalculateObesidade" classname="fit.AppTest" time="0.013">
    <error message="Unresolved compilation problem: &#10;	Syntax error, insert &quot;;&quot; to complete BlockStatements&#10;" type="java.lang.Error">java.lang.Error: 
Unresolved compilation problem: 
	Syntax error, insert ";" to complete BlockStatements

	at fit.AppTest.shouldCalculateObesidade(AppTest.java:75)
</error>
  </testcase>
  <testcase name="shouldCalculateNormal" classname="fit.AppTest" time="0"/>
</testsuite>